

Version:	3.12
CmdLine:	C:\Users\DELL\Downloads\JEssential IDE\JEssential IDE.exe --l4j-debug
WOW64:		yes
Working dir:	C:\Users\DELL\Downloads\JEssential IDE\.
Java min ver:	
Java max ver:	
Bundled JRE:	jdk\jre
Check launcher:	C:\Users\DELL\Downloads\JEssential IDE\jdk\jre\bin\javaw.exe (OK)
Main class:	Jp
Info:		Classpath not defined.
Launcher:	C:\Users\DELL\Downloads\JEssential IDE\jdk\jre\bin\javaw.exe
Launcher args:	-classpath "C:\Users\DELL\Downloads\JEssential IDE\JEssential IDE.exe" Jp
Args length:	73/32768 chars
Exit code:	0


Version:	3.12
CmdLine:	C:\Users\DELL\Downloads\JEssential IDE\JEssential IDE.exe --l4j-debug
WOW64:		yes
Working dir:	C:\Users\DELL\Downloads\JEssential IDE\.
Java min ver:	
Java max ver:	
Bundled JRE:	jdk\jre
Check launcher:	C:\Users\DELL\Downloads\JEssential IDE\jdk\jre\bin\javaw.exe (OK)
Main class:	Jp
Info:		Classpath not defined.
Launcher:	C:\Users\DELL\Downloads\JEssential IDE\jdk\jre\bin\javaw.exe
Launcher args:	-classpath "C:\Users\DELL\Downloads\JEssential IDE\JEssential IDE.exe" Jp
Args length:	73/32768 chars
Exit code:	0


Version:	3.12
CmdLine:	C:\Users\DELL\Downloads\JEssential IDE\JEssential IDE.exe --l4j-debug
WOW64:		yes
Working dir:	C:\Users\DELL\Downloads\JEssential IDE\.
Java min ver:	
Java max ver:	
Bundled JRE:	jdk\jre
Check launcher:	C:\Users\DELL\Downloads\JEssential IDE\jdk\jre\bin\javaw.exe (OK)
Main class:	Jp
Info:		Classpath not defined.
Launcher:	C:\Users\DELL\Downloads\JEssential IDE\jdk\jre\bin\javaw.exe
Launcher args:	-classpath "C:\Users\DELL\Downloads\JEssential IDE\JEssential IDE.exe" Jp
Args length:	73/32768 chars
Exit code:	0
